[2022-11-26 19:22:19][debug][main.go:10 main.main] a
[2022-11-26 19:22:19][debug][main.go:11 main.main] b
[2022-11-26 19:22:19][debug][main.go:12 main.main] c
[2022-11-26 19:22:19][debug][main.go:13 main.main] d
[2022-11-26 19:22:19][error][main.go:14 main.main] e
[2022-11-26 19:22:19][info][main.go:15 main.main] e
[2022-11-26 19:23:00][debug][main.go:10 main.main] a
[2022-11-26 19:23:00][debug][main.go:11 main.main] b
[2022-11-26 19:23:00][debug][main.go:12 main.main] c
[2022-11-26 19:23:00][debug][main.go:13 main.main] d
[2022-11-26 19:23:00][error][main.go:14 main.main] e
[2022-11-26 19:23:00][info][main.go:15 main.main] e
[2022-11-26 19:23:11][debug][main.go:10 main.main] a
[2022-11-26 19:23:11][debug][main.go:11 main.main] b
[2022-11-26 19:23:11][debug][main.go:12 main.main] c
[2022-11-26 19:23:11][debug][main.go:13 main.main] d
[2022-11-26 19:23:11][error][main.go:14 main.main] e
[2022-11-26 19:23:11][info][main.go:15 main.main] e
[2022-11-26 19:25:55][debug][main.go:10 main.main] a
[2022-11-26 19:25:55][debug][main.go:11 main.main] b
[2022-11-26 19:25:55][debug][main.go:12 main.main] c
[2022-11-26 19:25:55][debug][main.go:13 main.main] d
[2022-11-26 19:25:55][error][main.go:14 main.main] e
[2022-11-26 19:25:56][info][main.go:15 main.main] e
[2022-11-26 19:26:17][debug][main.go:10 main.main] a
[2022-11-26 19:26:17][debug][main.go:11 main.main] b
[2022-11-26 19:26:17][debug][main.go:12 main.main] c
[2022-11-26 19:26:17][debug][main.go:13 main.main] d
[2022-11-26 19:26:17][error][main.go:14 main.main] e
[2022-11-26 19:26:17][info][main.go:15 main.main] e
